This is pdfTeX, Version 3.14159265-2.6-1.40.16 (TeX Live 2015/Debian) (preloaded format=latex 2017.11.6)  20 NOV 2017 19:13
entering extended mode
 restricted \write18 enabled.
 %&-line parsing enabled.
**exit
(./a
! Interruption.
<to be read again> 
                   \begingroup 
l.1 
    -----BEGIN RSA PRIVATE KEY-----
? ^^[[A^^[[A^^[[A
Type <return> to proceed, S to scroll future error messages,
R to run without stopping, Q to run quietly,
I to insert something, E to edit your file,
H for help, X to quit.
? e
 
Here is how much of TeX's memory you used:
 7 strings out of 493030
 107 string characters out of 6136260
 53056 words of memory out of 5000000
 3641 multiletter control sequences out of 15000+600000
 3640 words of font info for 14 fonts, out of 8000000 for 9000
 1141 hyphenation exceptions out of 8191
 3i,0n,1p,48b,6s stack positions out of 5000i,500n,10000p,200000b,80000s
No pages of output.
