This is pdfTeX, Version 3.14159265-2.6-1.40.16 (TeX Live 2015/Debian) (preloaded format=pdflatex 2017.11.6)  11 NOV 2017 22:00
entering extended mode
 restricted \write18 enabled.
 %&-line parsing enabled.
**/home/byt/学习笔记/DAY-03
(/home/byt/学习笔记/DAY-03.tex
LaTeX2e <2016/02/01>
Babel <3.9q> and hyphenation patterns for 81 language(s) loaded.
! You can't use `macro parameter character #' in vertical mode.
l.1 #
     include<stdio.h> 
Here is how much of TeX's memory you used:
 6 strings out of 493029
 197 string characters out of 6136234
 53059 words of memory out of 5000000
 3641 multiletter control sequences out of 15000+600000
 3640 words of font info for 14 fonts, out of 8000000 for 9000
 1141 hyphenation exceptions out of 8191
 5i,0n,1p,49b,8s stack positions out of 5000i,500n,10000p,200000b,80000s

!  ==> Fatal error occurred, no output PDF file produced!
